{"timestamp": "2025-04-27 15:10:51", "level": "INFO", "name": "segmentation_service", "message": "Logging configured", "request_id": "no-request-id", "trace_id": "no-trace-id", "config": {"level": "INFO", "format": "%(asctime)s - %(name)s - %(levelname)s - [%(request_id)s] [%(trace_id)s] - %(message)s", "date_format": "%Y-%m-%d %H:%M:%S", "log_dir": "logs", "log_filename": "segmentation_service.log", "log_to_console": true, "log_to_file": true, "max_bytes": 10485760, "backup_count": 5}}
{"timestamp": "2025-04-27 15:10:51", "level": "INFO", "name": "segmentation_service", "message": "Application logging configured", "request_id": "no-request-id", "trace_id": "no-trace-id"}
{"timestamp": "2025-04-27 15:10:51", "level": "INFO", "name": "segmentation_service", "message": "Application logging configured", "request_id": "no-request-id", "trace_id": "no-trace-id"}
{"timestamp": "2025-04-27 15:10:51", "level": "INFO", "name": "segmentation_service", "message": "Application logging configured", "request_id": "no-request-id", "trace_id": "no-trace-id"}
{"timestamp": "2025-04-27 15:10:52", "level": "INFO", "name": "segmentation_service", "message": "Application logging configured", "request_id": "no-request-id", "trace_id": "no-trace-id"}
{"timestamp": "2025-04-27 15:10:52", "level": "INFO", "name": "segmentation_service", "message": "Application logging configured", "request_id": "no-request-id", "trace_id": "no-trace-id"}
{"timestamp": "2025-04-27 15:10:52", "level": "INFO", "name": "segmentation_service", "message": "Application logging configured", "request_id": "no-request-id", "trace_id": "no-trace-id"}
{"timestamp": "2025-04-27 15:10:52", "level": "INFO", "name": "segmentation_service", "message": "Application logging configured", "request_id": "no-request-id", "trace_id": "no-trace-id"}
{"timestamp": "2025-04-27 15:10:52", "level": "INFO", "name": "segmentation_service", "message": "Application logging configured", "request_id": "no-request-id", "trace_id": "no-trace-id"}
{"timestamp": "2025-04-27 15:10:52", "level": "INFO", "name": "segmentation_service", "message": "Application logging configured", "request_id": "no-request-id", "trace_id": "no-trace-id"}
{"timestamp": "2025-04-27 15:10:56", "level": "INFO", "name": "segmentation_service.service_discovery", "message": "Initializing service registry client", "request_id": "no-request-id", "trace_id": "no-trace-id"}
{"timestamp": "2025-04-27 15:10:56", "level": "INFO", "name": "segmentation_service.service_discovery", "message": "Service registry is available", "request_id": "no-request-id", "trace_id": "no-trace-id"}
{"timestamp": "2025-04-27 15:10:56", "level": "INFO", "name": "segmentation_service.service_discovery", "message": "Discovering service: ai-orchestrator", "request_id": "no-request-id", "trace_id": "no-trace-id"}
{"timestamp": "2025-04-27 15:10:56", "level": "INFO", "name": "segmentation_service.service_discovery", "message": "Service discovered: ai-orchestrator", "request_id": "no-request-id", "trace_id": "no-trace-id"}
{"timestamp": "2025-04-27 15:10:56", "level": "INFO", "name": "segmentation_service.service_discovery", "message": "Registering service: segmentation-service", "request_id": "no-request-id", "trace_id": "no-trace-id"}
{"timestamp": "2025-04-27 15:10:56", "level": "INFO", "name": "segmentation_service.service_discovery", "message": "Heartbeat task cancelled", "request_id": "no-request-id", "trace_id": "no-trace-id"}
{"timestamp": "2025-04-27 15:10:57", "level": "INFO", "name": "segmentation_service.service_discovery", "message": "Initializing service registry client", "request_id": "no-request-id", "trace_id": "no-trace-id"}
{"timestamp": "2025-04-27 15:10:57", "level": "WARNING", "name": "segmentation_service.service_discovery", "message": "Service registry returned status 500", "request_id": "no-request-id", "trace_id": "no-trace-id"}
{"timestamp": "2025-04-27 15:10:57", "level": "INFO", "name": "segmentation_service.service_discovery", "message": "Discovering service: ai-orchestrator", "request_id": "no-request-id", "trace_id": "no-trace-id"}
{"timestamp": "2025-04-27 15:10:57", "level": "WARNING", "name": "segmentation_service.service_discovery", "message": "Service discovery failed with status 500", "request_id": "no-request-id", "trace_id": "no-trace-id"}
{"timestamp": "2025-04-27 15:10:57", "level": "INFO", "name": "segmentation_service.service_discovery", "message": "Registering service: segmentation-service", "request_id": "no-request-id", "trace_id": "no-trace-id"}
{"timestamp": "2025-04-27 15:10:57", "level": "INFO", "name": "segmentation_service.service_discovery", "message": "Heartbeat task cancelled", "request_id": "no-request-id", "trace_id": "no-trace-id"}
{"timestamp": "2025-04-27 15:10:57", "level": "INFO", "name": "segmentation_service.service_discovery", "message": "Initializing service registry client", "request_id": "no-request-id", "trace_id": "no-trace-id"}
{"timestamp": "2025-04-27 15:10:57", "level": "INFO", "name": "segmentation_service.service_discovery", "message": "Service registry is available", "request_id": "no-request-id", "trace_id": "no-trace-id"}
{"timestamp": "2025-04-27 15:10:57", "level": "INFO", "name": "segmentation_service.service_discovery", "message": "Discovering service: runner-service", "request_id": "no-request-id", "trace_id": "no-trace-id"}
{"timestamp": "2025-04-27 15:10:57", "level": "INFO", "name": "segmentation_service.service_discovery", "message": "Service discovered: runner-service", "request_id": "no-request-id", "trace_id": "no-trace-id"}
{"timestamp": "2025-04-27 15:10:57", "level": "INFO", "name": "segmentation_service.service_discovery", "message": "Registering service: segmentation-service", "request_id": "no-request-id", "trace_id": "no-trace-id"}
{"timestamp": "2025-04-27 15:10:57", "level": "INFO", "name": "segmentation_service.service_discovery", "message": "Heartbeat task cancelled", "request_id": "no-request-id", "trace_id": "no-trace-id"}
{"timestamp": "2025-04-27 15:10:57", "level": "INFO", "name": "segmentation_service.service_discovery", "message": "Initializing service registry client", "request_id": "no-request-id", "trace_id": "no-trace-id"}
{"timestamp": "2025-04-27 15:10:57", "level": "WARNING", "name": "segmentation_service.service_discovery", "message": "Service registry health check failed: Cannot connect to host service-registry:8080 ssl:default [Name or service not known]", "request_id": "no-request-id", "trace_id": "no-trace-id"}
{"timestamp": "2025-04-27 15:10:57", "level": "INFO", "name": "segmentation_service.service_discovery", "message": "Registering service: segmentation-service", "request_id": "no-request-id", "trace_id": "no-trace-id"}
{"timestamp": "2025-04-27 15:10:57", "level": "INFO", "name": "segmentation_service.service_discovery", "message": "Service registered successfully: segmentation-service-0acfafe5", "request_id": "no-request-id", "trace_id": "no-trace-id"}
{"timestamp": "2025-04-27 15:10:57", "level": "INFO", "name": "segmentation_service.service_discovery", "message": "Heartbeat task cancelled", "request_id": "no-request-id", "trace_id": "no-trace-id"}
{"timestamp": "2025-04-27 15:10:57", "level": "INFO", "name": "segmentation_service.resilience", "message": "Circuit breaker 'test-circuit' initialized with threshold=3, timeout=1s", "request_id": "no-request-id", "trace_id": "no-trace-id"}
{"timestamp": "2025-04-27 15:10:57", "level": "WARNING", "name": "segmentation_service.resilience", "message": "Circuit breaker 'test-circuit' transitioning from CLOSED to OPEN after 3 failures", "request_id": "no-request-id", "trace_id": "no-trace-id"}
{"timestamp": "2025-04-27 15:10:58", "level": "INFO", "name": "segmentation_service.resilience", "message": "Circuit breaker 'test-circuit' transitioning from OPEN to HALF_OPEN", "request_id": "no-request-id", "trace_id": "no-trace-id"}
{"timestamp": "2025-04-27 15:10:58", "level": "INFO", "name": "segmentation_service.resilience", "message": "Circuit breaker 'test-circuit' transitioning from HALF_OPEN to CLOSED", "request_id": "no-request-id", "trace_id": "no-trace-id"}
{"timestamp": "2025-04-27 15:10:58", "level": "INFO", "name": "segmentation_service.resilience", "message": "Circuit breaker 'test-circuit' initialized with threshold=3, timeout=1s", "request_id": "no-request-id", "trace_id": "no-trace-id"}
{"timestamp": "2025-04-27 15:10:58", "level": "WARNING", "name": "segmentation_service.resilience", "message": "Circuit breaker 'test-circuit' transitioning from CLOSED to OPEN after 3 failures", "request_id": "no-request-id", "trace_id": "no-trace-id"}
{"timestamp": "2025-04-27 15:10:59", "level": "INFO", "name": "segmentation_service.resilience", "message": "Circuit breaker 'test-circuit' transitioning from OPEN to HALF_OPEN", "request_id": "no-request-id", "trace_id": "no-trace-id"}
{"timestamp": "2025-04-27 15:10:59", "level": "INFO", "name": "segmentation_service.resilience", "message": "Circuit breaker 'test-circuit' initialized with threshold=3, timeout=1s", "request_id": "no-request-id", "trace_id": "no-trace-id"}
{"timestamp": "2025-04-27 15:10:59", "level": "WARNING", "name": "segmentation_service.resilience", "message": "Circuit breaker 'test-circuit' transitioning from CLOSED to OPEN after 3 failures", "request_id": "no-request-id", "trace_id": "no-trace-id"}
{"timestamp": "2025-04-27 15:11:00", "level": "INFO", "name": "segmentation_service.resilience", "message": "Circuit breaker 'test-circuit' transitioning from OPEN to HALF_OPEN", "request_id": "no-request-id", "trace_id": "no-trace-id"}
{"timestamp": "2025-04-27 15:11:00", "level": "WARNING", "name": "segmentation_service.resilience", "message": "Circuit breaker 'test-circuit' transitioning from HALF_OPEN to OPEN after a failure during recovery", "request_id": "no-request-id", "trace_id": "no-trace-id"}
{"timestamp": "2025-04-27 15:11:00", "level": "INFO", "name": "segmentation_service.resilience", "message": "Circuit breaker 'test-circuit' initialized with threshold=3, timeout=1s", "request_id": "no-request-id", "trace_id": "no-trace-id"}
{"timestamp": "2025-04-27 15:11:00", "level": "WARNING", "name": "segmentation_service.resilience", "message": "Circuit breaker 'test-circuit' transitioning from CLOSED to OPEN after 3 failures", "request_id": "no-request-id", "trace_id": "no-trace-id"}
{"timestamp": "2025-04-27 15:11:00", "level": "INFO", "name": "segmentation_service.resilience", "message": "Circuit breaker 'test-circuit' initialized with threshold=3, timeout=1s", "request_id": "no-request-id", "trace_id": "no-trace-id"}
{"timestamp": "2025-04-27 15:11:00", "level": "INFO", "name": "segmentation_service.resilience", "message": "Circuit breaker 'test-circuit' initialized with threshold=3, timeout=1s", "request_id": "no-request-id", "trace_id": "no-trace-id"}
{"timestamp": "2025-04-27 15:11:00", "level": "WARNING", "name": "segmentation_service.resilience", "message": "Circuit breaker 'test-circuit' transitioning from CLOSED to OPEN after 3 failures", "request_id": "no-request-id", "trace_id": "no-trace-id"}
{"timestamp": "2025-04-27 15:11:01", "level": "INFO", "name": "segmentation_service.resilience", "message": "Circuit breaker 'test-circuit' transitioning from OPEN to HALF_OPEN", "request_id": "no-request-id", "trace_id": "no-trace-id"}
{"timestamp": "2025-04-27 15:11:01", "level": "WARNING", "name": "segmentation_service.resilience", "message": "Function test_function failed with error: Failure 1", "request_id": "no-request-id", "trace_id": "no-trace-id"}
{"timestamp": "2025-04-27 15:11:01", "level": "INFO", "name": "segmentation_service.resilience", "message": "Retrying test_function after 0.20s (attempt 1/3)", "request_id": "no-request-id", "trace_id": "no-trace-id"}
{"timestamp": "2025-04-27 15:11:02", "level": "WARNING", "name": "segmentation_service.resilience", "message": "Function test_function failed with error: Failure 2", "request_id": "no-request-id", "trace_id": "no-trace-id"}
{"timestamp": "2025-04-27 15:11:02", "level": "INFO", "name": "segmentation_service.resilience", "message": "Retrying test_function after 0.40s (attempt 2/3)", "request_id": "no-request-id", "trace_id": "no-trace-id"}
{"timestamp": "2025-04-27 15:11:02", "level": "WARNING", "name": "segmentation_service.resilience", "message": "Function test_function failed with error: Always fails", "request_id": "no-request-id", "trace_id": "no-trace-id"}
{"timestamp": "2025-04-27 15:11:02", "level": "WARNING", "name": "segmentation_service.resilience", "message": "Bulkhead rejected request due to queue full", "request_id": "no-request-id", "trace_id": "no-trace-id"}
{"timestamp": "2025-04-27 15:11:02", "level": "WARNING", "name": "segmentation_service.resilience", "message": "Bulkhead rejected request due to queue full", "request_id": "no-request-id", "trace_id": "no-trace-id"}
{"timestamp": "2025-04-27 15:11:02", "level": "WARNING", "name": "segmentation_service.resilience", "message": "Bulkhead rejected request due to queue full", "request_id": "no-request-id", "trace_id": "no-trace-id"}
{"timestamp": "2025-04-27 15:11:02", "level": "WARNING", "name": "segmentation_service.resilience", "message": "Function slow_function timed out after 0.1s", "request_id": "no-request-id", "trace_id": "no-trace-id"}
{"timestamp": "2025-04-27 15:11:02", "level": "WARNING", "name": "segmentation_service.resilience", "message": "Function slow_function failed with error: Timeout after 0.1s", "request_id": "no-request-id", "trace_id": "no-trace-id"}
{"timestamp": "2025-04-27 15:11:02", "level": "INFO", "name": "segmentation_service.resilience", "message": "Circuit breaker 'test-combined' initialized with threshold=5, timeout=30s", "request_id": "no-request-id", "trace_id": "no-trace-id"}
{"timestamp": "2025-04-27 15:11:02", "level": "WARNING", "name": "segmentation_service.resilience", "message": "Function test_function failed with error: Deliberate failure", "request_id": "no-request-id", "trace_id": "no-trace-id"}
{"timestamp": "2025-04-27 15:11:02", "level": "INFO", "name": "segmentation_service.resilience", "message": "Retrying test_function after 2.38s (attempt 1/2)", "request_id": "no-request-id", "trace_id": "no-trace-id"}
{"timestamp": "2025-04-27 15:11:05", "level": "WARNING", "name": "segmentation_service.resilience", "message": "Function test_function failed with error: Deliberate failure", "request_id": "no-request-id", "trace_id": "no-trace-id"}
{"timestamp": "2025-04-27 15:11:05", "level": "INFO", "name": "segmentation_service.resilience", "message": "Retrying test_function after 4.58s (attempt 2/2)", "request_id": "no-request-id", "trace_id": "no-trace-id"}
{"timestamp": "2025-04-27 15:11:09", "level": "WARNING", "name": "segmentation_service.resilience", "message": "Function test_function failed with error: Deliberate failure", "request_id": "no-request-id", "trace_id": "no-trace-id"}
{"timestamp": "2025-04-27 15:14:17", "level": "INFO", "name": "segmentation_service", "message": "Logging configured", "request_id": "no-request-id", "trace_id": "no-trace-id", "config": {"level": "INFO", "format": "%(asctime)s - %(name)s - %(levelname)s - [%(request_id)s] [%(trace_id)s] - %(message)s", "date_format": "%Y-%m-%d %H:%M:%S", "log_dir": "logs", "log_filename": "segmentation_service.log", "log_to_console": true, "log_to_file": true, "max_bytes": 10485760, "backup_count": 5}}
{"timestamp": "2025-04-27 15:14:17", "level": "INFO", "name": "segmentation_service", "message": "Application logging configured", "request_id": "no-request-id", "trace_id": "no-trace-id"}
{"timestamp": "2025-04-27 15:14:17", "level": "INFO", "name": "segmentation_service", "message": "Application logging configured", "request_id": "no-request-id", "trace_id": "no-trace-id"}
{"timestamp": "2025-04-27 15:14:17", "level": "INFO", "name": "segmentation_service", "message": "Application logging configured", "request_id": "no-request-id", "trace_id": "no-trace-id"}
{"timestamp": "2025-04-27 15:14:17", "level": "INFO", "name": "segmentation_service", "message": "Application logging configured", "request_id": "no-request-id", "trace_id": "no-trace-id"}
{"timestamp": "2025-04-27 15:14:17", "level": "INFO", "name": "segmentation_service", "message": "Application logging configured", "request_id": "no-request-id", "trace_id": "no-trace-id"}
{"timestamp": "2025-04-27 15:14:17", "level": "INFO", "name": "segmentation_service", "message": "Application logging configured", "request_id": "no-request-id", "trace_id": "no-trace-id"}
{"timestamp": "2025-04-27 15:14:17", "level": "INFO", "name": "segmentation_service", "message": "Application logging configured", "request_id": "no-request-id", "trace_id": "no-trace-id"}
{"timestamp": "2025-04-27 15:14:18", "level": "INFO", "name": "segmentation_service", "message": "Application logging configured", "request_id": "no-request-id", "trace_id": "no-trace-id"}
